<?xml version="1.0" encoding="UTF-8"?>
<!-- Generated by org.testng.reporters.JUnitReportReporter -->
<testsuite hostname="C02MH06RFD56.local" name="API.ShippingAddressVerification" tests="15" failures="0" timestamp="7 Aug 2015 20:09:56 GMT" time="9.956" errors="0">
  <testcase name="ShippingAddressResponseTagsVerification" time="0.618" classname="API.ShippingAddressVerification"/>
  <testcase name="testShippingAddressVerification" time="0.449" classname="API.ShippingAddressVerification"/>
  <testcase name="testShippingAddressVerification" time="0.479" classname="API.ShippingAddressVerification"/>
  <testcase name="testShippingAddressVerification" time="0.436" classname="API.ShippingAddressVerification"/>
  <testcase name="ShippingAddressResponseTagsVerification" time="0.680" classname="API.ShippingAddressVerification"/>
  <testcase name="testShippingAddressVerification" time="0.503" classname="API.ShippingAddressVerification"/>
  <testcase name="ShippingAddressResponseTagsVerification" time="0.457" classname="API.ShippingAddressVerification"/>
  <testcase name="testShippingAddressVerification" time="0.461" classname="API.ShippingAddressVerification"/>
  <testcase name="ShippingAddressResponseTagsVerification" time="2.904" classname="API.ShippingAddressVerification"/>
  <testcase name="ShippingAddressResponseTagsVerification" time="0.439" classname="API.ShippingAddressVerification"/>
  <testcase name="testShippingAddressVerification" time="0.493" classname="API.ShippingAddressVerification"/>
  <testcase name="testShippingAddressVerification" time="0.553" classname="API.ShippingAddressVerification"/>
  <testcase name="testShippingAddressVerification" time="0.597" classname="API.ShippingAddressVerification"/>
  <testcase name="testShippingAddressVerification" time="0.441" classname="API.ShippingAddressVerification"/>
  <testcase name="testShippingAddressVerification" time="0.446" classname="API.ShippingAddressVerification"/>
</testsuite> <!-- API.ShippingAddressVerification -->
